
> complykort-frontend@1.0.0 build
> next build

   ▲ Next.js 15.5.3
   - Environments: .env.local

   Creating an optimized production build ...
 ✓ Compiled successfully in 21.8s
   Skipping validation of types
   Skipping linting
   Collecting page data ...
   Generating static pages (0/10) ...
   Generating static pages (2/10) 
   Generating static pages (4/10) 
   Generating static pages (7/10) 
 ✓ Generating static pages (10/10)
   Finalizing page optimization ...
   Collecting build traces ...

Route (app)                                 Size  First Load JS
┌ ○ /                                    9.15 kB         119 kB
├ ○ /_not-found                            995 B         103 kB
├ ○ /assessments                         4.01 kB         109 kB
├ ƒ /assessments/[id]                    13.8 kB         116 kB
├ ○ /calendar                            7.38 kB         109 kB
├ ○ /files                               2.41 kB         104 kB
├ ○ /frameworks                          2.67 kB         105 kB
└ ○ /users                                 409 B         107 kB
+ First Load JS shared by all             102 kB
  ├ chunks/255-40634877ae3e8e9d.js       45.7 kB
  ├ chunks/4bd1b696-c023c6e3521b1417.js  54.2 kB
  └ other shared chunks (total)          1.92 kB


○  (Static)   prerendered as static content
ƒ  (Dynamic)  server-rendered on demand

