
> complykort-frontend@1.0.0 dev
> next dev

   ▲ Next.js 15.5.3
   - Local:        http://localhost:3000
   - Network:      http://95.217.190.154:3000
   - Environments: .env.local

 ✓ Starting...
 ✓ Ready in 3.5s
 ○ Compiling / ...
 ✓ Compiled / in 8.1s (659 modules)
 GET / 200 in 9105ms
 ✓ Compiled in 1846ms (255 modules)
 GET / 200 in 257ms
 GET / 200 in 247ms
 GET / 200 in 142ms
 GET / 200 in 128ms
 ○ Compiling /assessments/[id] ...
 ✓ Compiled /assessments/[id] in 2.7s (655 modules)
 GET /assessments/A-001 200 in 5185ms
 ⚠ Blocked cross-origin request from 95.217.190.154 to /_next/* resource. To allow this, configure "allowedDevOrigins" in next.config
Read more: https://nextjs.org/docs/app/api-reference/config/next-config-js/allowedDevOrigins
 ○ Compiling / ...
 ✓ Compiled / in 777ms (404 modules)
 GET / 200 in 1626ms
 ○ Compiling /assessments/[id] ...
 ✓ Compiled /assessments/[id] in 808ms (403 modules)
 GET /assessments/A-001 200 in 1722ms
 ○ Compiling /_not-found ...
 ✓ Compiled /_not-found in 1680ms (645 modules)
 GET /.env 404 in 2401ms
 ✓ Compiled /assessments/[id] in 301ms (404 modules)
 GET /assessments/A-001 200 in 1051ms
 GET /assessments/A-001 200 in 307ms
 ○ Compiling / ...
 ✓ Compiled / in 673ms (404 modules)
 GET / 200 in 1441ms
 GET / 200 in 65ms
 ○ Compiling /assessments ...
 ✓ Compiled /assessments in 2.2s (667 modules)
 GET /assessments 200 in 2603ms
 ✓ Compiled /assessments/[id] in 426ms (425 modules)
 GET /assessments/A-001 200 in 684ms
 GET / 200 in 653ms
 GET /assessments/A-001 200 in 374ms
 GET /assessments/A-001 200 in 291ms
 GET / 200 in 162ms
 GET /assessments 200 in 92ms
 GET /assessments/A-005 200 in 95ms
 GET /assessments/A-001 200 in 84ms
 GET /assessments/A-001 200 in 258ms
 GET / 200 in 174ms
 GET /assessments/A-001 200 in 305ms
 GET / 200 in 210ms
 ○ Compiling /favicon.ico ...
 ✓ Compiled /favicon.ico in 1184ms (421 modules)
 GET /favicon.ico 200 in 1514ms
 GET / 200 in 609ms
 ○ Compiling /assessments/[id] ...
 ✓ Compiled /assessments/[id] in 940ms (418 modules)
 GET /assessments/A-001 200 in 1792ms
 GET /assessments/A-001 200 in 193ms
 GET /assessments/A-001 200 in 192ms
 GET / 200 in 98ms
 ✓ Compiled /assessments in 275ms (425 modules)
 GET /assessments 200 in 505ms
 GET /assessments/A-001 200 in 104ms
 GET /assessments/A-001 200 in 466ms
 GET / 200 in 278ms
 ○ Compiling /favicon.ico ...
 ✓ Compiled /favicon.ico in 567ms (442 modules)
 GET /favicon.ico 200 in 1041ms
 GET /assessments/A-001 200 in 689ms
 GET /assessments/A-001 200 in 745ms
 GET /assessments/A-001 200 in 303ms
 GET /assessments/A-001 200 in 167ms
 GET /assessments/A-001 200 in 171ms
 GET /assessments/A-001 200 in 201ms
 GET /assessments/A-001 200 in 248ms
 GET /assessments/A-001 200 in 172ms
 GET /assessments/A-001 200 in 326ms
 GET / 200 in 108ms
 GET /assessments 200 in 84ms
 GET /assessments/A-001 200 in 105ms
 GET / 200 in 203ms
 GET /assessments/A-001 200 in 404ms
 ○ Compiling /_not-found ...
 ✓ Compiled /_not-found in 1434ms (649 modules)
`x-forwarded-host` header with value `95.217.190.154:80` does not match `origin` header with value `95.217.190.154` from a forwarded Server Actions request. Aborting the action.
 ⨯ [Error: Invalid Server Actions request.]
 ⨯ [Error: Invalid Server Actions request.]
 ○ Compiling /_error ...
 ✓ Compiled /_error in 2.1s (989 modules)
 POST /boaform/admin/formLogin 500 in 7710ms
 ○ Compiling /assessments/[id] ...
 ✓ Compiled /assessments/[id] in 1011ms (499 modules)
 GET /assessments/A-001 200 in 1960ms
 GET /assessments/A-001 200 in 189ms
 GET /assessments/A-001 200 in 213ms
 ○ Compiling / ...
 ✓ Compiled / in 1008ms (500 modules)
 GET / 200 in 1772ms
 ✓ Compiled /assessments/[id] in 405ms (514 modules)
 GET /assessments/A-001 200 in 1023ms
 GET /assessments/A-001 200 in 178ms
 GET / 200 in 94ms
 ○ Compiling /assessments ...
 ✓ Compiled /assessments in 1149ms (521 modules)
 GET /assessments 200 in 1620ms
 GET /assessments/A-001 200 in 112ms
 GET / 200 in 461ms
 GET / 200 in 165ms
 GET / 200 in 193ms
 GET /assessments/A-001 200 in 331ms
 GET /assessments/A-001 200 in 271ms
 ○ Compiling /_not-found ...
 ✓ Compiled /_not-found in 1988ms (896 modules)
 GET /drupal/.git/config 404 in 3806ms
 GET /wp-admin/.git/config 404 in 3814ms
 GET /cms/.git/config 404 in 3764ms
 GET /sample/.git/config 404 in 3773ms
 GET /site/.git/config 404 in 3776ms
 GET /backup/.git/config 404 in 3827ms
 GET /v3/.git/config 404 in 3841ms
 GET /wp/.git/config 404 in 3851ms
 GET /assets/.git/config 404 in 3858ms
 GET /example/.git/config 404 in 3851ms
 ✓ Compiled / in 466ms (501 modules)
 GET / 200 in 1154ms
 ○ Compiling /favicon.ico ...
 ✓ Compiled /favicon.ico in 795ms (518 modules)
 GET /favicon.ico 200 in 1035ms
 GET / 200 in 507ms
 ✓ Compiled /assessments in 349ms (525 modules)
 GET /assessments 200 in 589ms
 ○ Compiling /assessments/[id] ...
 ✓ Compiled /assessments/[id] in 1868ms (539 modules)
 GET /assessments/A-001 200 in 2189ms
 GET / 200 in 438ms
 GET /.env 404 in 130ms
 POST / 200 in 134ms
 GET / 200 in 167ms
 GET / 200 in 239ms
 GET /assessments 200 in 90ms
 GET /assessments/A-001 200 in 129ms
 GET /assessments/A-001 200 in 307ms
 GET / 200 in 182ms
 GET /assessments/A-001 200 in 404ms
 GET / 200 in 146ms
 GET /assessments/A-001 200 in 233ms
 GET / 200 in 147ms
 GET / 200 in 130ms
 GET /favicon.ico 200 in 76ms
 GET /.well-known/security.txt 404 in 138ms
 GET /assessments/A-001 200 in 472ms
 GET / 200 in 180ms
 GET /assessments/A-001 200 in 280ms
 ✓ Compiled in 2.1s (921 modules)
 GET /assessments/A-001 200 in 1029ms
 ✓ Compiled in 3.4s (526 modules)
 ✓ Compiled in 2.4s (421 modules)
 ○ Compiling / ...
 ✓ Compiled / in 1077ms (500 modules)
 ⨯ [Error [InvariantError]: Invariant: Expected clientReferenceManifest to be defined. This is a bug in Next.js.]
 ⨯ [Error [InvariantError]: Invariant: Expected clientReferenceManifest to be defined. This is a bug in Next.js.] {
  page: '/'
}
 ○ Compiling /_error ...
 ✓ Compiled /_error in 2.1s (1000 modules)
 ⨯ [Error: Cannot find module '/root/complykort/frontend/.next/server/pages/_document.js'
Require stack:
- /root/complykort/frontend/node_modules/next/dist/server/require.js
- /root/complykort/frontend/node_modules/next/dist/server/load-components.js
- /root/complykort/frontend/node_modules/next/dist/build/utils.js
- /root/complykort/frontend/node_modules/next/dist/build/swc/options.js
- /root/complykort/frontend/node_modules/next/dist/build/swc/index.js
- /root/complykort/frontend/node_modules/next/dist/build/analysis/parse-module.js
- /root/complykort/frontend/node_modules/next/dist/build/analysis/get-page-static-info.js
- /root/complykort/frontend/node_modules/next/dist/server/lib/router-utils/setup-dev-bundler.js
- /root/complykort/frontend/node_modules/next/dist/server/lib/router-server.js
- /root/complykort/frontend/node_modules/next/dist/server/lib/start-server.js] {
  code: 'MODULE_NOT_FOUND',
  requireStack: [Array]
}
[TypeError: Cannot read properties of undefined (reading '/_app')]
 ⨯ [TypeError: Cannot read properties of undefined (reading '/_app')]
[Error [InvariantError]: Invariant: Expected clientReferenceManifest to be defined. This is a bug in Next.js.] {
  page: '/'
}
 ⨯ [Error: Cannot find module '/root/complykort/frontend/.next/server/pages/_document.js'
Require stack:
- /root/complykort/frontend/node_modules/next/dist/server/require.js
- /root/complykort/frontend/node_modules/next/dist/server/load-components.js
- /root/complykort/frontend/node_modules/next/dist/build/utils.js
- /root/complykort/frontend/node_modules/next/dist/build/swc/options.js
- /root/complykort/frontend/node_modules/next/dist/build/swc/index.js
- /root/complykort/frontend/node_modules/next/dist/build/analysis/parse-module.js
- /root/complykort/frontend/node_modules/next/dist/build/analysis/get-page-static-info.js
- /root/complykort/frontend/node_modules/next/dist/server/lib/router-utils/setup-dev-bundler.js
- /root/complykort/frontend/node_modules/next/dist/server/lib/router-server.js
- /root/complykort/frontend/node_modules/next/dist/server/lib/start-server.js] {
  code: 'MODULE_NOT_FOUND',
  requireStack: [Array]
}
[TypeError: Cannot read properties of undefined (reading '/_app')]
 ⨯ [TypeError: Cannot read properties of undefined (reading '/_app')]
[TypeError: Cannot read properties of undefined (reading '/_app')]
 GET / 500 in 6975ms
 GET / 500 in 148ms
 ○ Compiling /assessments/[id] ...
 ✓ Compiled /assessments/[id] in 599ms (606 modules)
 GET /assessments/A-001 200 in 1868ms
 GET /assessments/A-001 200 in 250ms
 ○ Compiling /_not-found ...
 ✓ Compiled /_not-found in 1700ms (1019 modules)
 GET /RDWeb/Pages 404 in 2398ms
 GET /assessments/A-001 200 in 329ms
[?25h
